<?xml version="1.0" encoding="UTF-8"?>
<!-- Generated by org.testng.reporters.JUnitReportReporter -->
<testsuite hostname="tes-PC" failures="0" tests="1" name="IntegratedFramworks.AppTest" time="18.162" errors="0" timestamp="17 Feb 2019 18:26:13 GMT">
  <testcase classname="IntegratedFramworks.AppTest" name="myTest" time="18.162"/>
</testsuite> <!-- IntegratedFramworks.AppTest -->
