<?xml version="1.0" encoding="UTF-8"?>
<!-- Generated by org.testng.reporters.JUnitReportReporter -->
<testsuite hostname="tes-PC" name="IntegratedFramworks.AppTest" tests="1" failures="0" timestamp="23 Feb 2019 03:43:45 GMT" time="34.485" errors="0">
  <testcase name="myTest" time="34.485" classname="IntegratedFramworks.AppTest"/>
</testsuite> <!-- IntegratedFramworks.AppTest -->
